<testsuites id="" name="" tests="6" failures="0" skipped="0" errors="0" time="19.822656">
<testsuite name="e1-auth.spec.ts" timestamp="2025-12-10T15:27:56.920Z" hostname="chromium" tests="2" failures="0" skipped="0" time="14.207" errors="0">
<testcase name="Epic 1: Authentication Foundation › TS-1.3.1: Anonymous Auto-Login (Happy Path)" classname="e1-auth.spec.ts" time="4.773">
</testcase>
<testcase name="Epic 1: Authentication Foundation › TS-1.3.2: User Persistence" classname="e1-auth.spec.ts" time="9.434">
</testcase>
</testsuite>
<testsuite name="e1-auth.spec.ts" timestamp="2025-12-10T15:27:56.920Z" hostname="firefox" tests="2" failures="0" skipped="0" time="17.167" errors="0">
<testcase name="Epic 1: Authentication Foundation › TS-1.3.1: Anonymous Auto-Login (Happy Path)" classname="e1-auth.spec.ts" time="6.294">
</testcase>
<testcase name="Epic 1: Authentication Foundation › TS-1.3.2: User Persistence" classname="e1-auth.spec.ts" time="10.873">
</testcase>
</testsuite>
<testsuite name="e1-auth.spec.ts" timestamp="2025-12-10T15:27:56.920Z" hostname="webkit" tests="2" failures="0" skipped="0" time="13.636" errors="0">
<testcase name="Epic 1: Authentication Foundation › TS-1.3.1: Anonymous Auto-Login (Happy Path)" classname="e1-auth.spec.ts" time="4.71">
</testcase>
<testcase name="Epic 1: Authentication Foundation › TS-1.3.2: User Persistence" classname="e1-auth.spec.ts" time="8.926">
</testcase>
</testsuite>
</testsuites>